<?xml version="1.0" encoding="UTF-8" ?>
<testsuite tests="7" failures="0" name="com.roommate.basecontrol.service.implementation.RoomServiceImplTest" time="0" errors="0" skipped="0">
  <properties>
[...]
</properties>
  <testcase classname="com.roommate.basecontrol.service.implementation.RoomServiceImplTest" name="getEntityById" time="0"/>
  <testcase classname="com.roommate.basecontrol.service.implementation.RoomServiceImplTest" name="isRoomExists" time="0"/>
  <testcase classname="com.roommate.basecontrol.service.implementation.RoomServiceImplTest" name="updateEntity" time="0"/>
  <testcase classname="com.roommate.basecontrol.service.implementation.RoomServiceImplTest" name="getAll" time="0"/>
  <testcase classname="com.roommate.basecontrol.service.implementation.RoomServiceImplTest" name="deleteEntity" time="0"/>
  <testcase classname="com.roommate.basecontrol.service.implementation.RoomServiceImplTest" name="getRoomByTitle" time="0"/>
  <testcase classname="com.roommate.basecontrol.service.implementation.RoomServiceImplTest" name="createEntity" time="0"/>
</testsuite>